<?xml version="1.0" encoding="UTF-8"?>
<!-- Generated by org.testng.reporters.JUnitXMLReporter -->
<testsuite ignored="0" hostname="HAKUSHWA-7410" failures="0" tests="5" name="Default test" time="102.127" errors="0" timestamp="24 Feb 2022 13:46:09 GMT">
  <testcase classname="test.wordpress.testcases.WordPressMyProfile" name="loginApplication" time="5.12"/>
  <testcase classname="test.wordpress.testcases.WordPressMyProfile" name="update_ProfileInfo" time="5.41"/>
  <testcase classname="test.wordpress.testcases.WordPressMyProfile" name="update_AboutMe" time="5.243"/>
  <testcase classname="test.wordpress.testcases.WordPressMyProfile" name="additonOfURL" time="67.461"/>
  <testcase classname="test.wordpress.testcases.WordPressMyProfile" name="deletionOfURL" time="10.111"/>
</testsuite> <!-- Default test -->
