<?xml version="1.0" encoding="UTF-8"?>
<!-- Generated by org.testng.reporters.JUnitXMLReporter -->
<testsuite ignored="0" hostname="HAKUSHWA-7410" failures="0" tests="10" name="Default test" time="160.242" errors="0" timestamp="25 Feb 2022 14:38:59 GMT">
  <testcase classname="test.wordpress.testcases.WordPressMyProfile" name="loginApplication" time="7.279"/>
  <testcase classname="test.wordpress.testcases.WordPressMyProfile" name="update_ProfileInfo" time="6.202"/>
  <testcase classname="test.wordpress.testcases.WordPressMyProfile" name="update_AboutMe" time="5.396"/>
  <testcase classname="test.wordpress.testcases.WordPressMyProfile" name="additonOfURL" time="67.756"/>
  <testcase classname="test.wordpress.testcases.WordPressMyProfile" name="deletionOfURL" time="10.262"/>
  <testcase classname="test.wordpress.testcases.WordPressMyProfile" name="showGravatarProfile" time="0.094"/>
  <testcase classname="test.wordpress.testcases.WordPressMyProfile" name="hideGravatarProfile" time="10.483"/>
  <testcase classname="test.wordpress.testcases.WordPressMyProfile" name="cancelAdditonOfURL" time="17.966"/>
  <testcase classname="test.wordpress.testcases.WordPressMyProfile" name="cancelSiteCreation" time="12.389"/>
  <testcase classname="test.wordpress.testcases.WordPressMyProfile" name="siteCreation" time="10.427"/>
</testsuite> <!-- Default test -->
