<?xml version="1.0" encoding="UTF-8"?>
<!-- Generated by org.testng.reporters.JUnitXMLReporter -->
<testsuite ignored="0" hostname="HAKUSHWA-7410" failures="0" tests="5" name="Word Press Test" time="103.073" errors="0" timestamp="24 Feb 2022 13:50:28 GMT">
  <testcase classname="test.wordpress.testcases.WordPressMyProfile" name="loginApplication" time="6.062"/>
  <testcase classname="test.wordpress.testcases.WordPressMyProfile" name="update_ProfileInfo" time="5.424"/>
  <testcase classname="test.wordpress.testcases.WordPressMyProfile" name="update_AboutMe" time="5.245"/>
  <testcase classname="test.wordpress.testcases.WordPressMyProfile" name="additonOfURL" time="67.367"/>
  <testcase classname="test.wordpress.testcases.WordPressMyProfile" name="deletionOfURL" time="10.117"/>
</testsuite> <!-- Word Press Test -->
